<?xml version="1.0" encoding="utf-8"?>
<TestRun id="b2131747-ac68-4e3f-8ca8-78a0a7247fef" name="VssAdministrator@WIN-PPU8V6TAP8I 2020-06-28 13:43:43" runUser="WIN-PPU8V6TAP8I\VssAdministrator" xmlns="http://microsoft.com/schemas/VisualStudio/TeamTest/2010">
  <Times creation="2020-06-28T13:43:43.9868247+00:00" queuing="2020-06-28T13:43:43.9868250+00:00" start="2020-06-28T13:43:41.8426681+00:00" finish="2020-06-28T13:43:44.0096348+00:00" />
  <TestSettings name="default" id="61a595f7-99c9-4f5b-9128-8d43862e7885">
    <Deployment runDeploymentRoot="VssAdministrator_WIN-PPU8V6TAP8I_2020-06-28_13_43_43" />
  </TestSettings>
  <Results>
    <UnitTestResult executionId="1fb6a930-94d5-4d73-9986-a512ef16fa53" testId="429d5ad6-e6c0-8324-f7c0-67b3a26f2239" testName="Post_UserCredentialsIsNull_ReturnsBadRequest" computerName="WIN-PPU8V6TAP8I" duration="00:00:00.0017620" startTime="2020-06-28T13:43:43.0000000+00:00" endTime="2020-06-28T13:43:43.0000000+00:00" testType="13cdc9d9-ddb5-4fa4-a97d-d965ccfc6d4b" outcome="Passed" testListId="8c84fa94-04c1-424b-9868-57a2d4851a1d" relativeResultsDirectory="1fb6a930-94d5-4d73-9986-a512ef16fa53" />
    <UnitTestResult executionId="802fca44-6014-4ea7-9ab5-92392a604f4f" testId="8996a04c-0494-72f5-95a9-d1471f3c1aad" testName="Post_IsDemandNull_ReturnsFalse" computerName="WIN-PPU8V6TAP8I" duration="00:00:00.0050850" startTime="2020-06-28T13:43:43.0000000+00:00" endTime="2020-06-28T13:43:43.0000000+00:00" testType="13cdc9d9-ddb5-4fa4-a97d-d965ccfc6d4b" outcome="Passed" testListId="8c84fa94-04c1-424b-9868-57a2d4851a1d" relativeResultsDirectory="802fca44-6014-4ea7-9ab5-92392a604f4f" />
    <UnitTestResult executionId="a8883e42-c2cc-45c0-a8b7-a51e34149069" testId="cd76851b-bc96-12ef-192e-afd9aa28b9ad" testName="Gell_UserIsExit_ReturnsMatchedUser" computerName="WIN-PPU8V6TAP8I" duration="00:00:00.0025320" startTime="2020-06-28T13:43:43.0000000+00:00" endTime="2020-06-28T13:43:43.0000000+00:00" testType="13cdc9d9-ddb5-4fa4-a97d-d965ccfc6d4b" outcome="Passed" testListId="8c84fa94-04c1-424b-9868-57a2d4851a1d" relativeResultsDirectory="a8883e42-c2cc-45c0-a8b7-a51e34149069" />
    <UnitTestResult executionId="9e6415c7-889f-4c6c-b65d-4a672ecfae06" testId="c816188b-fa84-3952-c897-ce02014e6c54" testName="Get_CreatedDemand_ReturnsListOfDemandResource" computerName="WIN-PPU8V6TAP8I" duration="00:00:00.4335440" startTime="2020-06-28T13:43:43.0000000+00:00" endTime="2020-06-28T13:43:43.0000000+00:00" testType="13cdc9d9-ddb5-4fa4-a97d-d965ccfc6d4b" outcome="Passed" testListId="8c84fa94-04c1-424b-9868-57a2d4851a1d" relativeResultsDirectory="9e6415c7-889f-4c6c-b65d-4a672ecfae06" />
    <UnitTestResult executionId="685f10f1-0812-4f75-b51c-0142ea9b9370" testId="ca70015c-e977-52e4-63be-c5e0fa930b16" testName="Post_IsDemandCreated_ReturnsTrue" computerName="WIN-PPU8V6TAP8I" duration="00:00:00.0388890" startTime="2020-06-28T13:43:43.0000000+00:00" endTime="2020-06-28T13:43:43.0000000+00:00" testType="13cdc9d9-ddb5-4fa4-a97d-d965ccfc6d4b" outcome="Passed" testListId="8c84fa94-04c1-424b-9868-57a2d4851a1d" relativeResultsDirectory="685f10f1-0812-4f75-b51c-0142ea9b9370" />
    <UnitTestResult executionId="bb1d47fc-f5fb-4cb9-ac76-0f001795a323" testId="8d361ed8-69ac-acb0-4a58-48e8ba0f865b" testName="GellAll_UserIsExist_ReturnsUserList" computerName="WIN-PPU8V6TAP8I" duration="00:00:00.0025020" startTime="2020-06-28T13:43:43.0000000+00:00" endTime="2020-06-28T13:43:43.0000000+00:00" testType="13cdc9d9-ddb5-4fa4-a97d-d965ccfc6d4b" outcome="Passed" testListId="8c84fa94-04c1-424b-9868-57a2d4851a1d" relativeResultsDirectory="bb1d47fc-f5fb-4cb9-ac76-0f001795a323" />
    <UnitTestResult executionId="9373341d-7359-4ec4-9cfb-ed899ed06233" testId="0453c6b4-db0f-8580-e125-e0335ff2d727" testName="Authenticate_UserCredentialsIsCorrect_ReturnsToken" computerName="WIN-PPU8V6TAP8I" duration="00:00:00.0167930" startTime="2020-06-28T13:43:43.0000000+00:00" endTime="2020-06-28T13:43:43.0000000+00:00" testType="13cdc9d9-ddb5-4fa4-a97d-d965ccfc6d4b" outcome="Passed" testListId="8c84fa94-04c1-424b-9868-57a2d4851a1d" relativeResultsDirectory="9373341d-7359-4ec4-9cfb-ed899ed06233" />
  </Results>
  <TestDefinitions>
    <UnitTest name="Post_UserCredentialsIsNull_ReturnsBadRequest" storage="d:\a\1\s\cba.training.talmate.api.unittests\bin\release\netcoreapp3.1\cba.training.talmate.api.unittests.dll" id="429d5ad6-e6c0-8324-f7c0-67b3a26f2239">
      <Execution id="1fb6a930-94d5-4d73-9986-a512ef16fa53" />
      <TestMethod codeBase="D:\a\1\s\CBA.Training.Talmate.Api.UnitTests\bin\Release\netcoreapp3.1\CBA.Training.Talmate.Api.UnitTests.dll" adapterTypeName="executor://nunit3testexecutor/" className="CBA.Training.Talmate.Api.UnitTests.UsersControllerTests" name="Post_UserCredentialsIsNull_ReturnsBadRequest" />
    </UnitTest>
    <UnitTest name="Post_IsDemandCreated_ReturnsTrue" storage="d:\a\1\s\cba.training.talmate.api.unittests\bin\release\netcoreapp3.1\cba.training.talmate.api.unittests.dll" id="ca70015c-e977-52e4-63be-c5e0fa930b16">
      <Execution id="685f10f1-0812-4f75-b51c-0142ea9b9370" />
      <TestMethod codeBase="D:\a\1\s\CBA.Training.Talmate.Api.UnitTests\bin\Release\netcoreapp3.1\CBA.Training.Talmate.Api.UnitTests.dll" adapterTypeName="executor://nunit3testexecutor/" className="CBA.Training.Talmate.Api.UnitTests.DemandControllerTests" name="Post_IsDemandCreated_ReturnsTrue" />
    </UnitTest>
    <UnitTest name="GellAll_UserIsExist_ReturnsUserList" storage="d:\a\1\s\cba.training.talmate.api.unittests\bin\release\netcoreapp3.1\cba.training.talmate.api.unittests.dll" id="8d361ed8-69ac-acb0-4a58-48e8ba0f865b">
      <Execution id="bb1d47fc-f5fb-4cb9-ac76-0f001795a323" />
      <TestMethod codeBase="D:\a\1\s\CBA.Training.Talmate.Api.UnitTests\bin\Release\netcoreapp3.1\CBA.Training.Talmate.Api.UnitTests.dll" adapterTypeName="executor://nunit3testexecutor/" className="CBA.Training.Talmate.Api.UnitTests.UsersControllerTests" name="GellAll_UserIsExist_ReturnsUserList" />
    </UnitTest>
    <UnitTest name="Get_CreatedDemand_ReturnsListOfDemandResource" storage="d:\a\1\s\cba.training.talmate.api.unittests\bin\release\netcoreapp3.1\cba.training.talmate.api.unittests.dll" id="c816188b-fa84-3952-c897-ce02014e6c54">
      <Execution id="9e6415c7-889f-4c6c-b65d-4a672ecfae06" />
      <TestMethod codeBase="D:\a\1\s\CBA.Training.Talmate.Api.UnitTests\bin\Release\netcoreapp3.1\CBA.Training.Talmate.Api.UnitTests.dll" adapterTypeName="executor://nunit3testexecutor/" className="CBA.Training.Talmate.Api.UnitTests.DemandControllerTests" name="Get_CreatedDemand_ReturnsListOfDemandResource" />
    </UnitTest>
    <UnitTest name="Gell_UserIsExit_ReturnsMatchedUser" storage="d:\a\1\s\cba.training.talmate.api.unittests\bin\release\netcoreapp3.1\cba.training.talmate.api.unittests.dll" id="cd76851b-bc96-12ef-192e-afd9aa28b9ad">
      <Execution id="a8883e42-c2cc-45c0-a8b7-a51e34149069" />
      <TestMethod codeBase="D:\a\1\s\CBA.Training.Talmate.Api.UnitTests\bin\Release\netcoreapp3.1\CBA.Training.Talmate.Api.UnitTests.dll" adapterTypeName="executor://nunit3testexecutor/" className="CBA.Training.Talmate.Api.UnitTests.UsersControllerTests" name="Gell_UserIsExit_ReturnsMatchedUser" />
    </UnitTest>
    <UnitTest name="Authenticate_UserCredentialsIsCorrect_ReturnsToken" storage="d:\a\1\s\cba.training.talmate.api.unittests\bin\release\netcoreapp3.1\cba.training.talmate.api.unittests.dll" id="0453c6b4-db0f-8580-e125-e0335ff2d727">
      <Execution id="9373341d-7359-4ec4-9cfb-ed899ed06233" />
      <TestMethod codeBase="D:\a\1\s\CBA.Training.Talmate.Api.UnitTests\bin\Release\netcoreapp3.1\CBA.Training.Talmate.Api.UnitTests.dll" adapterTypeName="executor://nunit3testexecutor/" className="CBA.Training.Talmate.Api.UnitTests.UsersControllerTests" name="Authenticate_UserCredentialsIsCorrect_ReturnsToken" />
    </UnitTest>
    <UnitTest name="Post_IsDemandNull_ReturnsFalse" storage="d:\a\1\s\cba.training.talmate.api.unittests\bin\release\netcoreapp3.1\cba.training.talmate.api.unittests.dll" id="8996a04c-0494-72f5-95a9-d1471f3c1aad">
      <Execution id="802fca44-6014-4ea7-9ab5-92392a604f4f" />
      <TestMethod codeBase="D:\a\1\s\CBA.Training.Talmate.Api.UnitTests\bin\Release\netcoreapp3.1\CBA.Training.Talmate.Api.UnitTests.dll" adapterTypeName="executor://nunit3testexecutor/" className="CBA.Training.Talmate.Api.UnitTests.DemandControllerTests" name="Post_IsDemandNull_ReturnsFalse" />
    </UnitTest>
  </TestDefinitions>
  <TestEntries>
    <TestEntry testId="429d5ad6-e6c0-8324-f7c0-67b3a26f2239" executionId="1fb6a930-94d5-4d73-9986-a512ef16fa53" testListId="8c84fa94-04c1-424b-9868-57a2d4851a1d" />
    <TestEntry testId="8996a04c-0494-72f5-95a9-d1471f3c1aad" executionId="802fca44-6014-4ea7-9ab5-92392a604f4f" testListId="8c84fa94-04c1-424b-9868-57a2d4851a1d" />
    <TestEntry testId="cd76851b-bc96-12ef-192e-afd9aa28b9ad" executionId="a8883e42-c2cc-45c0-a8b7-a51e34149069" testListId="8c84fa94-04c1-424b-9868-57a2d4851a1d" />
    <TestEntry testId="c816188b-fa84-3952-c897-ce02014e6c54" executionId="9e6415c7-889f-4c6c-b65d-4a672ecfae06" testListId="8c84fa94-04c1-424b-9868-57a2d4851a1d" />
    <TestEntry testId="ca70015c-e977-52e4-63be-c5e0fa930b16" executionId="685f10f1-0812-4f75-b51c-0142ea9b9370" testListId="8c84fa94-04c1-424b-9868-57a2d4851a1d" />
    <TestEntry testId="8d361ed8-69ac-acb0-4a58-48e8ba0f865b" executionId="bb1d47fc-f5fb-4cb9-ac76-0f001795a323" testListId="8c84fa94-04c1-424b-9868-57a2d4851a1d" />
    <TestEntry testId="0453c6b4-db0f-8580-e125-e0335ff2d727" executionId="9373341d-7359-4ec4-9cfb-ed899ed06233" testListId="8c84fa94-04c1-424b-9868-57a2d4851a1d" />
  </TestEntries>
  <TestLists>
    <TestList name="Results Not in a List" id="8c84fa94-04c1-424b-9868-57a2d4851a1d" />
    <TestList name="All Loaded Results" id="19431567-8539-422a-85d7-44ee4e166bda" />
  </TestLists>
  <ResultSummary outcome="Completed">
    <Counters total="7" executed="7" passed="7" failed="0" error="0" timeout="0" aborted="0" inconclusive="0" passedButRunAborted="0" notRunnable="0" notExecuted="0" disconnected="0" warning="0" completed="0" inProgress="0" pending="0" />
    <Output>
      <StdOut>NUnit Adapter 3.15.1.0: Test execution started&#xD;
Running all tests in D:\a\1\s\CBA.Training.Talmate.Api.UnitTests\bin\Release\netcoreapp3.1\CBA.Training.Talmate.Api.UnitTests.dll&#xD;
   NUnit3TestExecutor converted 7 of 7 NUnit test cases&#xD;
NUnit Adapter 3.15.1.0: Test execution complete&#xD;
</StdOut>
    </Output>
  </ResultSummary>
</TestRun>