<?xml version="1.0" encoding="utf-8"?>
<TestRun id="164becbc-85fc-4569-ad90-9a16b285c44d" name="VssAdministrator@WIN-PPU8V6TAP8I 2020-06-28 20:47:49" runUser="WIN-PPU8V6TAP8I\VssAdministrator" xmlns="http://microsoft.com/schemas/VisualStudio/TeamTest/2010">
  <Times creation="2020-06-28T20:47:49.7784173+00:00" queuing="2020-06-28T20:47:49.7784175+00:00" start="2020-06-28T20:47:47.8303028+00:00" finish="2020-06-28T20:47:49.8002912+00:00" />
  <TestSettings name="default" id="527e3dd5-e3ef-4554-86a8-d3a929f00e8a">
    <Deployment runDeploymentRoot="VssAdministrator_WIN-PPU8V6TAP8I_2020-06-28_20_47_49" />
  </TestSettings>
  <Results>
    <UnitTestResult executionId="72798ef9-c362-44a3-ae5d-659795c75080" testId="429d5ad6-e6c0-8324-f7c0-67b3a26f2239" testName="Post_UserCredentialsIsNull_ReturnsBadRequest" computerName="WIN-PPU8V6TAP8I" duration="00:00:00.0024820" startTime="2020-06-28T20:47:49.0000000+00:00" endTime="2020-06-28T20:47:49.0000000+00:00" testType="13cdc9d9-ddb5-4fa4-a97d-d965ccfc6d4b" outcome="Passed" testListId="8c84fa94-04c1-424b-9868-57a2d4851a1d" relativeResultsDirectory="72798ef9-c362-44a3-ae5d-659795c75080" />
    <UnitTestResult executionId="5e932163-fc33-40b0-86d1-89e63b7ca070" testId="8996a04c-0494-72f5-95a9-d1471f3c1aad" testName="Post_IsDemandNull_ReturnsFalse" computerName="WIN-PPU8V6TAP8I" duration="00:00:00.0045170" startTime="2020-06-28T20:47:49.0000000+00:00" endTime="2020-06-28T20:47:49.0000000+00:00" testType="13cdc9d9-ddb5-4fa4-a97d-d965ccfc6d4b" outcome="Passed" testListId="8c84fa94-04c1-424b-9868-57a2d4851a1d" relativeResultsDirectory="5e932163-fc33-40b0-86d1-89e63b7ca070" />
    <UnitTestResult executionId="462fd8b3-fbb5-4e4c-bd1a-000a81ff5188" testId="ca70015c-e977-52e4-63be-c5e0fa930b16" testName="Post_IsDemandCreated_ReturnsTrue" computerName="WIN-PPU8V6TAP8I" duration="00:00:00.0432490" startTime="2020-06-28T20:47:49.0000000+00:00" endTime="2020-06-28T20:47:49.0000000+00:00" testType="13cdc9d9-ddb5-4fa4-a97d-d965ccfc6d4b" outcome="Passed" testListId="8c84fa94-04c1-424b-9868-57a2d4851a1d" relativeResultsDirectory="462fd8b3-fbb5-4e4c-bd1a-000a81ff5188" />
    <UnitTestResult executionId="e46dc9cb-b4ec-4474-b4b2-d1b02d8c8e8c" testId="c816188b-fa84-3952-c897-ce02014e6c54" testName="Get_CreatedDemand_ReturnsListOfDemandResource" computerName="WIN-PPU8V6TAP8I" duration="00:00:00.3797620" startTime="2020-06-28T20:47:49.0000000+00:00" endTime="2020-06-28T20:47:49.0000000+00:00" testType="13cdc9d9-ddb5-4fa4-a97d-d965ccfc6d4b" outcome="Passed" testListId="8c84fa94-04c1-424b-9868-57a2d4851a1d" relativeResultsDirectory="e46dc9cb-b4ec-4474-b4b2-d1b02d8c8e8c" />
    <UnitTestResult executionId="b252963b-a69b-44d9-90d8-355665bd6e61" testId="cd76851b-bc96-12ef-192e-afd9aa28b9ad" testName="Gell_UserIsExit_ReturnsMatchedUser" computerName="WIN-PPU8V6TAP8I" duration="00:00:00.0023200" startTime="2020-06-28T20:47:49.0000000+00:00" endTime="2020-06-28T20:47:49.0000000+00:00" testType="13cdc9d9-ddb5-4fa4-a97d-d965ccfc6d4b" outcome="Passed" testListId="8c84fa94-04c1-424b-9868-57a2d4851a1d" relativeResultsDirectory="b252963b-a69b-44d9-90d8-355665bd6e61" />
    <UnitTestResult executionId="6ae13ad2-e459-4b23-91d8-113cda0b8f53" testId="0453c6b4-db0f-8580-e125-e0335ff2d727" testName="Authenticate_UserCredentialsIsCorrect_ReturnsToken" computerName="WIN-PPU8V6TAP8I" duration="00:00:00.0148660" startTime="2020-06-28T20:47:49.0000000+00:00" endTime="2020-06-28T20:47:49.0000000+00:00" testType="13cdc9d9-ddb5-4fa4-a97d-d965ccfc6d4b" outcome="Passed" testListId="8c84fa94-04c1-424b-9868-57a2d4851a1d" relativeResultsDirectory="6ae13ad2-e459-4b23-91d8-113cda0b8f53" />
    <UnitTestResult executionId="c079b2df-edc6-4dd9-9e5a-b5928fb32070" testId="8d361ed8-69ac-acb0-4a58-48e8ba0f865b" testName="GellAll_UserIsExist_ReturnsUserList" computerName="WIN-PPU8V6TAP8I" duration="00:00:00.0021180" startTime="2020-06-28T20:47:49.0000000+00:00" endTime="2020-06-28T20:47:49.0000000+00:00" testType="13cdc9d9-ddb5-4fa4-a97d-d965ccfc6d4b" outcome="Passed" testListId="8c84fa94-04c1-424b-9868-57a2d4851a1d" relativeResultsDirectory="c079b2df-edc6-4dd9-9e5a-b5928fb32070" />
  </Results>
  <TestDefinitions>
    <UnitTest name="Post_UserCredentialsIsNull_ReturnsBadRequest" storage="d:\a\1\s\cba.training.talmate.api.unittests\bin\release\netcoreapp3.1\cba.training.talmate.api.unittests.dll" id="429d5ad6-e6c0-8324-f7c0-67b3a26f2239">
      <Execution id="72798ef9-c362-44a3-ae5d-659795c75080" />
      <TestMethod codeBase="D:\a\1\s\CBA.Training.Talmate.Api.UnitTests\bin\Release\netcoreapp3.1\CBA.Training.Talmate.Api.UnitTests.dll" adapterTypeName="executor://nunit3testexecutor/" className="CBA.Training.Talmate.Api.UnitTests.UsersControllerTests" name="Post_UserCredentialsIsNull_ReturnsBadRequest" />
    </UnitTest>
    <UnitTest name="Post_IsDemandCreated_ReturnsTrue" storage="d:\a\1\s\cba.training.talmate.api.unittests\bin\release\netcoreapp3.1\cba.training.talmate.api.unittests.dll" id="ca70015c-e977-52e4-63be-c5e0fa930b16">
      <Execution id="462fd8b3-fbb5-4e4c-bd1a-000a81ff5188" />
      <TestMethod codeBase="D:\a\1\s\CBA.Training.Talmate.Api.UnitTests\bin\Release\netcoreapp3.1\CBA.Training.Talmate.Api.UnitTests.dll" adapterTypeName="executor://nunit3testexecutor/" className="CBA.Training.Talmate.Api.UnitTests.DemandControllerTests" name="Post_IsDemandCreated_ReturnsTrue" />
    </UnitTest>
    <UnitTest name="GellAll_UserIsExist_ReturnsUserList" storage="d:\a\1\s\cba.training.talmate.api.unittests\bin\release\netcoreapp3.1\cba.training.talmate.api.unittests.dll" id="8d361ed8-69ac-acb0-4a58-48e8ba0f865b">
      <Execution id="c079b2df-edc6-4dd9-9e5a-b5928fb32070" />
      <TestMethod codeBase="D:\a\1\s\CBA.Training.Talmate.Api.UnitTests\bin\Release\netcoreapp3.1\CBA.Training.Talmate.Api.UnitTests.dll" adapterTypeName="executor://nunit3testexecutor/" className="CBA.Training.Talmate.Api.UnitTests.UsersControllerTests" name="GellAll_UserIsExist_ReturnsUserList" />
    </UnitTest>
    <UnitTest name="Get_CreatedDemand_ReturnsListOfDemandResource" storage="d:\a\1\s\cba.training.talmate.api.unittests\bin\release\netcoreapp3.1\cba.training.talmate.api.unittests.dll" id="c816188b-fa84-3952-c897-ce02014e6c54">
      <Execution id="e46dc9cb-b4ec-4474-b4b2-d1b02d8c8e8c" />
      <TestMethod codeBase="D:\a\1\s\CBA.Training.Talmate.Api.UnitTests\bin\Release\netcoreapp3.1\CBA.Training.Talmate.Api.UnitTests.dll" adapterTypeName="executor://nunit3testexecutor/" className="CBA.Training.Talmate.Api.UnitTests.DemandControllerTests" name="Get_CreatedDemand_ReturnsListOfDemandResource" />
    </UnitTest>
    <UnitTest name="Gell_UserIsExit_ReturnsMatchedUser" storage="d:\a\1\s\cba.training.talmate.api.unittests\bin\release\netcoreapp3.1\cba.training.talmate.api.unittests.dll" id="cd76851b-bc96-12ef-192e-afd9aa28b9ad">
      <Execution id="b252963b-a69b-44d9-90d8-355665bd6e61" />
      <TestMethod codeBase="D:\a\1\s\CBA.Training.Talmate.Api.UnitTests\bin\Release\netcoreapp3.1\CBA.Training.Talmate.Api.UnitTests.dll" adapterTypeName="executor://nunit3testexecutor/" className="CBA.Training.Talmate.Api.UnitTests.UsersControllerTests" name="Gell_UserIsExit_ReturnsMatchedUser" />
    </UnitTest>
    <UnitTest name="Authenticate_UserCredentialsIsCorrect_ReturnsToken" storage="d:\a\1\s\cba.training.talmate.api.unittests\bin\release\netcoreapp3.1\cba.training.talmate.api.unittests.dll" id="0453c6b4-db0f-8580-e125-e0335ff2d727">
      <Execution id="6ae13ad2-e459-4b23-91d8-113cda0b8f53" />
      <TestMethod codeBase="D:\a\1\s\CBA.Training.Talmate.Api.UnitTests\bin\Release\netcoreapp3.1\CBA.Training.Talmate.Api.UnitTests.dll" adapterTypeName="executor://nunit3testexecutor/" className="CBA.Training.Talmate.Api.UnitTests.UsersControllerTests" name="Authenticate_UserCredentialsIsCorrect_ReturnsToken" />
    </UnitTest>
    <UnitTest name="Post_IsDemandNull_ReturnsFalse" storage="d:\a\1\s\cba.training.talmate.api.unittests\bin\release\netcoreapp3.1\cba.training.talmate.api.unittests.dll" id="8996a04c-0494-72f5-95a9-d1471f3c1aad">
      <Execution id="5e932163-fc33-40b0-86d1-89e63b7ca070" />
      <TestMethod codeBase="D:\a\1\s\CBA.Training.Talmate.Api.UnitTests\bin\Release\netcoreapp3.1\CBA.Training.Talmate.Api.UnitTests.dll" adapterTypeName="executor://nunit3testexecutor/" className="CBA.Training.Talmate.Api.UnitTests.DemandControllerTests" name="Post_IsDemandNull_ReturnsFalse" />
    </UnitTest>
  </TestDefinitions>
  <TestEntries>
    <TestEntry testId="429d5ad6-e6c0-8324-f7c0-67b3a26f2239" executionId="72798ef9-c362-44a3-ae5d-659795c75080" testListId="8c84fa94-04c1-424b-9868-57a2d4851a1d" />
    <TestEntry testId="8996a04c-0494-72f5-95a9-d1471f3c1aad" executionId="5e932163-fc33-40b0-86d1-89e63b7ca070" testListId="8c84fa94-04c1-424b-9868-57a2d4851a1d" />
    <TestEntry testId="ca70015c-e977-52e4-63be-c5e0fa930b16" executionId="462fd8b3-fbb5-4e4c-bd1a-000a81ff5188" testListId="8c84fa94-04c1-424b-9868-57a2d4851a1d" />
    <TestEntry testId="c816188b-fa84-3952-c897-ce02014e6c54" executionId="e46dc9cb-b4ec-4474-b4b2-d1b02d8c8e8c" testListId="8c84fa94-04c1-424b-9868-57a2d4851a1d" />
    <TestEntry testId="cd76851b-bc96-12ef-192e-afd9aa28b9ad" executionId="b252963b-a69b-44d9-90d8-355665bd6e61" testListId="8c84fa94-04c1-424b-9868-57a2d4851a1d" />
    <TestEntry testId="0453c6b4-db0f-8580-e125-e0335ff2d727" executionId="6ae13ad2-e459-4b23-91d8-113cda0b8f53" testListId="8c84fa94-04c1-424b-9868-57a2d4851a1d" />
    <TestEntry testId="8d361ed8-69ac-acb0-4a58-48e8ba0f865b" executionId="c079b2df-edc6-4dd9-9e5a-b5928fb32070" testListId="8c84fa94-04c1-424b-9868-57a2d4851a1d" />
  </TestEntries>
  <TestLists>
    <TestList name="Results Not in a List" id="8c84fa94-04c1-424b-9868-57a2d4851a1d" />
    <TestList name="All Loaded Results" id="19431567-8539-422a-85d7-44ee4e166bda" />
  </TestLists>
  <ResultSummary outcome="Completed">
    <Counters total="7" executed="7" passed="7" failed="0" error="0" timeout="0" aborted="0" inconclusive="0" passedButRunAborted="0" notRunnable="0" notExecuted="0" disconnected="0" warning="0" completed="0" inProgress="0" pending="0" />
    <Output>
      <StdOut>NUnit Adapter 3.15.1.0: Test execution started&#xD;
Running all tests in D:\a\1\s\CBA.Training.Talmate.Api.UnitTests\bin\Release\netcoreapp3.1\CBA.Training.Talmate.Api.UnitTests.dll&#xD;
   NUnit3TestExecutor converted 7 of 7 NUnit test cases&#xD;
NUnit Adapter 3.15.1.0: Test execution complete&#xD;
</StdOut>
    </Output>
  </ResultSummary>
</TestRun>