<?xml version="1.0" encoding="utf-8"?>
<TestRun id="bb3d07ed-bd1b-4c58-b7ff-43dbe5fc0494" name="VssAdministrator@WIN-PPU8V6TAP8I 2020-06-28 22:32:47" runUser="WIN-PPU8V6TAP8I\VssAdministrator" xmlns="http://microsoft.com/schemas/VisualStudio/TeamTest/2010">
  <Times creation="2020-06-28T22:32:47.3821195+00:00" queuing="2020-06-28T22:32:47.3821196+00:00" start="2020-06-28T22:32:44.7844638+00:00" finish="2020-06-28T22:32:47.4339248+00:00" />
  <TestSettings name="default" id="59c72b89-2254-45f2-ac99-8651f7317f20">
    <Deployment runDeploymentRoot="VssAdministrator_WIN-PPU8V6TAP8I_2020-06-28_22_32_47" />
  </TestSettings>
  <Results>
    <UnitTestResult executionId="9047c85d-8d7f-42a7-9e29-4c42694779a1" testId="8d361ed8-69ac-acb0-4a58-48e8ba0f865b" testName="GellAll_UserIsExist_ReturnsUserList" computerName="WIN-PPU8V6TAP8I" duration="00:00:00.0026000" startTime="2020-06-28T22:32:47.0000000+00:00" endTime="2020-06-28T22:32:47.0000000+00:00" testType="13cdc9d9-ddb5-4fa4-a97d-d965ccfc6d4b" outcome="Passed" testListId="8c84fa94-04c1-424b-9868-57a2d4851a1d" relativeResultsDirectory="9047c85d-8d7f-42a7-9e29-4c42694779a1" />
    <UnitTestResult executionId="9a7273e3-0411-4d44-991f-dd3d02881186" testId="8996a04c-0494-72f5-95a9-d1471f3c1aad" testName="Post_IsDemandNull_ReturnsFalse" computerName="WIN-PPU8V6TAP8I" duration="00:00:00.0052870" startTime="2020-06-28T22:32:47.0000000+00:00" endTime="2020-06-28T22:32:47.0000000+00:00" testType="13cdc9d9-ddb5-4fa4-a97d-d965ccfc6d4b" outcome="Passed" testListId="8c84fa94-04c1-424b-9868-57a2d4851a1d" relativeResultsDirectory="9a7273e3-0411-4d44-991f-dd3d02881186" />
    <UnitTestResult executionId="798f822d-2297-4ff2-940e-004999a87925" testId="ca70015c-e977-52e4-63be-c5e0fa930b16" testName="Post_IsDemandCreated_ReturnsTrue" computerName="WIN-PPU8V6TAP8I" duration="00:00:00.0500100" startTime="2020-06-28T22:32:47.0000000+00:00" endTime="2020-06-28T22:32:47.0000000+00:00" testType="13cdc9d9-ddb5-4fa4-a97d-d965ccfc6d4b" outcome="Passed" testListId="8c84fa94-04c1-424b-9868-57a2d4851a1d" relativeResultsDirectory="798f822d-2297-4ff2-940e-004999a87925" />
    <UnitTestResult executionId="1e70df37-91ec-42ca-aaf3-29fdd46a3e33" testId="cd76851b-bc96-12ef-192e-afd9aa28b9ad" testName="Gell_UserIsExit_ReturnsMatchedUser" computerName="WIN-PPU8V6TAP8I" duration="00:00:00.0028550" startTime="2020-06-28T22:32:47.0000000+00:00" endTime="2020-06-28T22:32:47.0000000+00:00" testType="13cdc9d9-ddb5-4fa4-a97d-d965ccfc6d4b" outcome="Passed" testListId="8c84fa94-04c1-424b-9868-57a2d4851a1d" relativeResultsDirectory="1e70df37-91ec-42ca-aaf3-29fdd46a3e33" />
    <UnitTestResult executionId="fbd230c0-1446-4d98-88be-7bc504620cd8" testId="429d5ad6-e6c0-8324-f7c0-67b3a26f2239" testName="Post_UserCredentialsIsNull_ReturnsBadRequest" computerName="WIN-PPU8V6TAP8I" duration="00:00:00.0015690" startTime="2020-06-28T22:32:47.0000000+00:00" endTime="2020-06-28T22:32:47.0000000+00:00" testType="13cdc9d9-ddb5-4fa4-a97d-d965ccfc6d4b" outcome="Passed" testListId="8c84fa94-04c1-424b-9868-57a2d4851a1d" relativeResultsDirectory="fbd230c0-1446-4d98-88be-7bc504620cd8" />
    <UnitTestResult executionId="05e18089-2092-4dd0-8ac6-b29965f39ecb" testId="c816188b-fa84-3952-c897-ce02014e6c54" testName="Get_CreatedDemand_ReturnsListOfDemandResource" computerName="WIN-PPU8V6TAP8I" duration="00:00:00.6779380" startTime="2020-06-28T22:32:46.0000000+00:00" endTime="2020-06-28T22:32:47.0000000+00:00" testType="13cdc9d9-ddb5-4fa4-a97d-d965ccfc6d4b" outcome="Passed" testListId="8c84fa94-04c1-424b-9868-57a2d4851a1d" relativeResultsDirectory="05e18089-2092-4dd0-8ac6-b29965f39ecb" />
    <UnitTestResult executionId="e3301b26-97af-4dd5-b2de-049b4cb0d155" testId="0453c6b4-db0f-8580-e125-e0335ff2d727" testName="Authenticate_UserCredentialsIsCorrect_ReturnsToken" computerName="WIN-PPU8V6TAP8I" duration="00:00:00.0156360" startTime="2020-06-28T22:32:47.0000000+00:00" endTime="2020-06-28T22:32:47.0000000+00:00" testType="13cdc9d9-ddb5-4fa4-a97d-d965ccfc6d4b" outcome="Passed" testListId="8c84fa94-04c1-424b-9868-57a2d4851a1d" relativeResultsDirectory="e3301b26-97af-4dd5-b2de-049b4cb0d155" />
  </Results>
  <TestDefinitions>
    <UnitTest name="Post_UserCredentialsIsNull_ReturnsBadRequest" storage="d:\a\1\s\cba.training.talmate.api.unittests\bin\release\netcoreapp3.1\cba.training.talmate.api.unittests.dll" id="429d5ad6-e6c0-8324-f7c0-67b3a26f2239">
      <Execution id="fbd230c0-1446-4d98-88be-7bc504620cd8" />
      <TestMethod codeBase="D:\a\1\s\CBA.Training.Talmate.Api.UnitTests\bin\Release\netcoreapp3.1\CBA.Training.Talmate.Api.UnitTests.dll" adapterTypeName="executor://nunit3testexecutor/" className="CBA.Training.Talmate.Api.UnitTests.UsersControllerTests" name="Post_UserCredentialsIsNull_ReturnsBadRequest" />
    </UnitTest>
    <UnitTest name="Post_IsDemandCreated_ReturnsTrue" storage="d:\a\1\s\cba.training.talmate.api.unittests\bin\release\netcoreapp3.1\cba.training.talmate.api.unittests.dll" id="ca70015c-e977-52e4-63be-c5e0fa930b16">
      <Execution id="798f822d-2297-4ff2-940e-004999a87925" />
      <TestMethod codeBase="D:\a\1\s\CBA.Training.Talmate.Api.UnitTests\bin\Release\netcoreapp3.1\CBA.Training.Talmate.Api.UnitTests.dll" adapterTypeName="executor://nunit3testexecutor/" className="CBA.Training.Talmate.Api.UnitTests.DemandControllerTests" name="Post_IsDemandCreated_ReturnsTrue" />
    </UnitTest>
    <UnitTest name="GellAll_UserIsExist_ReturnsUserList" storage="d:\a\1\s\cba.training.talmate.api.unittests\bin\release\netcoreapp3.1\cba.training.talmate.api.unittests.dll" id="8d361ed8-69ac-acb0-4a58-48e8ba0f865b">
      <Execution id="9047c85d-8d7f-42a7-9e29-4c42694779a1" />
      <TestMethod codeBase="D:\a\1\s\CBA.Training.Talmate.Api.UnitTests\bin\Release\netcoreapp3.1\CBA.Training.Talmate.Api.UnitTests.dll" adapterTypeName="executor://nunit3testexecutor/" className="CBA.Training.Talmate.Api.UnitTests.UsersControllerTests" name="GellAll_UserIsExist_ReturnsUserList" />
    </UnitTest>
    <UnitTest name="Get_CreatedDemand_ReturnsListOfDemandResource" storage="d:\a\1\s\cba.training.talmate.api.unittests\bin\release\netcoreapp3.1\cba.training.talmate.api.unittests.dll" id="c816188b-fa84-3952-c897-ce02014e6c54">
      <Execution id="05e18089-2092-4dd0-8ac6-b29965f39ecb" />
      <TestMethod codeBase="D:\a\1\s\CBA.Training.Talmate.Api.UnitTests\bin\Release\netcoreapp3.1\CBA.Training.Talmate.Api.UnitTests.dll" adapterTypeName="executor://nunit3testexecutor/" className="CBA.Training.Talmate.Api.UnitTests.DemandControllerTests" name="Get_CreatedDemand_ReturnsListOfDemandResource" />
    </UnitTest>
    <UnitTest name="Gell_UserIsExit_ReturnsMatchedUser" storage="d:\a\1\s\cba.training.talmate.api.unittests\bin\release\netcoreapp3.1\cba.training.talmate.api.unittests.dll" id="cd76851b-bc96-12ef-192e-afd9aa28b9ad">
      <Execution id="1e70df37-91ec-42ca-aaf3-29fdd46a3e33" />
      <TestMethod codeBase="D:\a\1\s\CBA.Training.Talmate.Api.UnitTests\bin\Release\netcoreapp3.1\CBA.Training.Talmate.Api.UnitTests.dll" adapterTypeName="executor://nunit3testexecutor/" className="CBA.Training.Talmate.Api.UnitTests.UsersControllerTests" name="Gell_UserIsExit_ReturnsMatchedUser" />
    </UnitTest>
    <UnitTest name="Authenticate_UserCredentialsIsCorrect_ReturnsToken" storage="d:\a\1\s\cba.training.talmate.api.unittests\bin\release\netcoreapp3.1\cba.training.talmate.api.unittests.dll" id="0453c6b4-db0f-8580-e125-e0335ff2d727">
      <Execution id="e3301b26-97af-4dd5-b2de-049b4cb0d155" />
      <TestMethod codeBase="D:\a\1\s\CBA.Training.Talmate.Api.UnitTests\bin\Release\netcoreapp3.1\CBA.Training.Talmate.Api.UnitTests.dll" adapterTypeName="executor://nunit3testexecutor/" className="CBA.Training.Talmate.Api.UnitTests.UsersControllerTests" name="Authenticate_UserCredentialsIsCorrect_ReturnsToken" />
    </UnitTest>
    <UnitTest name="Post_IsDemandNull_ReturnsFalse" storage="d:\a\1\s\cba.training.talmate.api.unittests\bin\release\netcoreapp3.1\cba.training.talmate.api.unittests.dll" id="8996a04c-0494-72f5-95a9-d1471f3c1aad">
      <Execution id="9a7273e3-0411-4d44-991f-dd3d02881186" />
      <TestMethod codeBase="D:\a\1\s\CBA.Training.Talmate.Api.UnitTests\bin\Release\netcoreapp3.1\CBA.Training.Talmate.Api.UnitTests.dll" adapterTypeName="executor://nunit3testexecutor/" className="CBA.Training.Talmate.Api.UnitTests.DemandControllerTests" name="Post_IsDemandNull_ReturnsFalse" />
    </UnitTest>
  </TestDefinitions>
  <TestEntries>
    <TestEntry testId="8d361ed8-69ac-acb0-4a58-48e8ba0f865b" executionId="9047c85d-8d7f-42a7-9e29-4c42694779a1" testListId="8c84fa94-04c1-424b-9868-57a2d4851a1d" />
    <TestEntry testId="8996a04c-0494-72f5-95a9-d1471f3c1aad" executionId="9a7273e3-0411-4d44-991f-dd3d02881186" testListId="8c84fa94-04c1-424b-9868-57a2d4851a1d" />
    <TestEntry testId="ca70015c-e977-52e4-63be-c5e0fa930b16" executionId="798f822d-2297-4ff2-940e-004999a87925" testListId="8c84fa94-04c1-424b-9868-57a2d4851a1d" />
    <TestEntry testId="cd76851b-bc96-12ef-192e-afd9aa28b9ad" executionId="1e70df37-91ec-42ca-aaf3-29fdd46a3e33" testListId="8c84fa94-04c1-424b-9868-57a2d4851a1d" />
    <TestEntry testId="429d5ad6-e6c0-8324-f7c0-67b3a26f2239" executionId="fbd230c0-1446-4d98-88be-7bc504620cd8" testListId="8c84fa94-04c1-424b-9868-57a2d4851a1d" />
    <TestEntry testId="c816188b-fa84-3952-c897-ce02014e6c54" executionId="05e18089-2092-4dd0-8ac6-b29965f39ecb" testListId="8c84fa94-04c1-424b-9868-57a2d4851a1d" />
    <TestEntry testId="0453c6b4-db0f-8580-e125-e0335ff2d727" executionId="e3301b26-97af-4dd5-b2de-049b4cb0d155" testListId="8c84fa94-04c1-424b-9868-57a2d4851a1d" />
  </TestEntries>
  <TestLists>
    <TestList name="Results Not in a List" id="8c84fa94-04c1-424b-9868-57a2d4851a1d" />
    <TestList name="All Loaded Results" id="19431567-8539-422a-85d7-44ee4e166bda" />
  </TestLists>
  <ResultSummary outcome="Completed">
    <Counters total="7" executed="7" passed="7" failed="0" error="0" timeout="0" aborted="0" inconclusive="0" passedButRunAborted="0" notRunnable="0" notExecuted="0" disconnected="0" warning="0" completed="0" inProgress="0" pending="0" />
    <Output>
      <StdOut>NUnit Adapter 3.15.1.0: Test execution started&#xD;
Running all tests in D:\a\1\s\CBA.Training.Talmate.Api.UnitTests\bin\Release\netcoreapp3.1\CBA.Training.Talmate.Api.UnitTests.dll&#xD;
   NUnit3TestExecutor converted 7 of 7 NUnit test cases&#xD;
NUnit Adapter 3.15.1.0: Test execution complete&#xD;
</StdOut>
    </Output>
  </ResultSummary>
</TestRun>