<?xml version="1.0" encoding="utf-8"?>
<TestRun id="39d9ec23-4f64-4c3a-826b-72947d4ff6ef" name="VssAdministrator@WIN-PPU8V6TAP8I 2020-06-29 18:16:39" runUser="WIN-PPU8V6TAP8I\VssAdministrator" xmlns="http://microsoft.com/schemas/VisualStudio/TeamTest/2010">
  <Times creation="2020-06-29T18:16:39.6715332+00:00" queuing="2020-06-29T18:16:39.6715334+00:00" start="2020-06-29T18:16:37.8898777+00:00" finish="2020-06-29T18:16:39.6919493+00:00" />
  <TestSettings name="default" id="c70a7f84-4425-4dcd-8a04-7d87d56fadd1">
    <Deployment runDeploymentRoot="VssAdministrator_WIN-PPU8V6TAP8I_2020-06-29_18_16_39" />
  </TestSettings>
  <Results>
    <UnitTestResult executionId="6b2bd49d-5dc0-47ba-bcd7-70cd5b7c943e" testId="8996a04c-0494-72f5-95a9-d1471f3c1aad" testName="Post_IsDemandNull_ReturnsFalse" computerName="WIN-PPU8V6TAP8I" duration="00:00:00.0051620" startTime="2020-06-29T18:16:39.0000000+00:00" endTime="2020-06-29T18:16:39.0000000+00:00" testType="13cdc9d9-ddb5-4fa4-a97d-d965ccfc6d4b" outcome="Passed" testListId="8c84fa94-04c1-424b-9868-57a2d4851a1d" relativeResultsDirectory="6b2bd49d-5dc0-47ba-bcd7-70cd5b7c943e" />
    <UnitTestResult executionId="9e7d95fc-78f6-48e2-8aad-1d9b8a7e3945" testId="429d5ad6-e6c0-8324-f7c0-67b3a26f2239" testName="Post_UserCredentialsIsNull_ReturnsBadRequest" computerName="WIN-PPU8V6TAP8I" duration="00:00:00.0017870" startTime="2020-06-29T18:16:39.0000000+00:00" endTime="2020-06-29T18:16:39.0000000+00:00" testType="13cdc9d9-ddb5-4fa4-a97d-d965ccfc6d4b" outcome="Passed" testListId="8c84fa94-04c1-424b-9868-57a2d4851a1d" relativeResultsDirectory="9e7d95fc-78f6-48e2-8aad-1d9b8a7e3945" />
    <UnitTestResult executionId="85181590-8c7d-4e8d-9d2b-d7b2a93ce4b3" testId="ca70015c-e977-52e4-63be-c5e0fa930b16" testName="Post_IsDemandCreated_ReturnsTrue" computerName="WIN-PPU8V6TAP8I" duration="00:00:00.0342220" startTime="2020-06-29T18:16:39.0000000+00:00" endTime="2020-06-29T18:16:39.0000000+00:00" testType="13cdc9d9-ddb5-4fa4-a97d-d965ccfc6d4b" outcome="Passed" testListId="8c84fa94-04c1-424b-9868-57a2d4851a1d" relativeResultsDirectory="85181590-8c7d-4e8d-9d2b-d7b2a93ce4b3" />
    <UnitTestResult executionId="3c9f90c4-6422-4630-9388-11c307d49bde" testId="c816188b-fa84-3952-c897-ce02014e6c54" testName="Get_CreatedDemand_ReturnsListOfDemandResource" computerName="WIN-PPU8V6TAP8I" duration="00:00:00.3463190" startTime="2020-06-29T18:16:39.0000000+00:00" endTime="2020-06-29T18:16:39.0000000+00:00" testType="13cdc9d9-ddb5-4fa4-a97d-d965ccfc6d4b" outcome="Passed" testListId="8c84fa94-04c1-424b-9868-57a2d4851a1d" relativeResultsDirectory="3c9f90c4-6422-4630-9388-11c307d49bde" />
    <UnitTestResult executionId="8e848d29-f34f-4b15-9618-90b107676199" testId="8d361ed8-69ac-acb0-4a58-48e8ba0f865b" testName="GellAll_UserIsExist_ReturnsUserList" computerName="WIN-PPU8V6TAP8I" duration="00:00:00.0022050" startTime="2020-06-29T18:16:39.0000000+00:00" endTime="2020-06-29T18:16:39.0000000+00:00" testType="13cdc9d9-ddb5-4fa4-a97d-d965ccfc6d4b" outcome="Passed" testListId="8c84fa94-04c1-424b-9868-57a2d4851a1d" relativeResultsDirectory="8e848d29-f34f-4b15-9618-90b107676199" />
    <UnitTestResult executionId="338190ed-f8e5-47ab-bca0-576bb9fdfa9b" testId="0453c6b4-db0f-8580-e125-e0335ff2d727" testName="Authenticate_UserCredentialsIsCorrect_ReturnsToken" computerName="WIN-PPU8V6TAP8I" duration="00:00:00.0154280" startTime="2020-06-29T18:16:39.0000000+00:00" endTime="2020-06-29T18:16:39.0000000+00:00" testType="13cdc9d9-ddb5-4fa4-a97d-d965ccfc6d4b" outcome="Passed" testListId="8c84fa94-04c1-424b-9868-57a2d4851a1d" relativeResultsDirectory="338190ed-f8e5-47ab-bca0-576bb9fdfa9b" />
    <UnitTestResult executionId="b14c922c-ed63-466f-9949-a070b100b40f" testId="cd76851b-bc96-12ef-192e-afd9aa28b9ad" testName="Gell_UserIsExit_ReturnsMatchedUser" computerName="WIN-PPU8V6TAP8I" duration="00:00:00.0022180" startTime="2020-06-29T18:16:39.0000000+00:00" endTime="2020-06-29T18:16:39.0000000+00:00" testType="13cdc9d9-ddb5-4fa4-a97d-d965ccfc6d4b" outcome="Passed" testListId="8c84fa94-04c1-424b-9868-57a2d4851a1d" relativeResultsDirectory="b14c922c-ed63-466f-9949-a070b100b40f" />
  </Results>
  <TestDefinitions>
    <UnitTest name="Post_UserCredentialsIsNull_ReturnsBadRequest" storage="d:\a\1\s\cba.training.talmate.api.unittests\bin\release\netcoreapp3.1\cba.training.talmate.api.unittests.dll" id="429d5ad6-e6c0-8324-f7c0-67b3a26f2239">
      <Execution id="9e7d95fc-78f6-48e2-8aad-1d9b8a7e3945" />
      <TestMethod codeBase="D:\a\1\s\CBA.Training.Talmate.Api.UnitTests\bin\release\netcoreapp3.1\CBA.Training.Talmate.Api.UnitTests.dll" adapterTypeName="executor://nunit3testexecutor/" className="CBA.Training.Talmate.Api.UnitTests.UsersControllerTests" name="Post_UserCredentialsIsNull_ReturnsBadRequest" />
    </UnitTest>
    <UnitTest name="Post_IsDemandCreated_ReturnsTrue" storage="d:\a\1\s\cba.training.talmate.api.unittests\bin\release\netcoreapp3.1\cba.training.talmate.api.unittests.dll" id="ca70015c-e977-52e4-63be-c5e0fa930b16">
      <Execution id="85181590-8c7d-4e8d-9d2b-d7b2a93ce4b3" />
      <TestMethod codeBase="D:\a\1\s\CBA.Training.Talmate.Api.UnitTests\bin\release\netcoreapp3.1\CBA.Training.Talmate.Api.UnitTests.dll" adapterTypeName="executor://nunit3testexecutor/" className="CBA.Training.Talmate.Api.UnitTests.DemandControllerTests" name="Post_IsDemandCreated_ReturnsTrue" />
    </UnitTest>
    <UnitTest name="GellAll_UserIsExist_ReturnsUserList" storage="d:\a\1\s\cba.training.talmate.api.unittests\bin\release\netcoreapp3.1\cba.training.talmate.api.unittests.dll" id="8d361ed8-69ac-acb0-4a58-48e8ba0f865b">
      <Execution id="8e848d29-f34f-4b15-9618-90b107676199" />
      <TestMethod codeBase="D:\a\1\s\CBA.Training.Talmate.Api.UnitTests\bin\release\netcoreapp3.1\CBA.Training.Talmate.Api.UnitTests.dll" adapterTypeName="executor://nunit3testexecutor/" className="CBA.Training.Talmate.Api.UnitTests.UsersControllerTests" name="GellAll_UserIsExist_ReturnsUserList" />
    </UnitTest>
    <UnitTest name="Get_CreatedDemand_ReturnsListOfDemandResource" storage="d:\a\1\s\cba.training.talmate.api.unittests\bin\release\netcoreapp3.1\cba.training.talmate.api.unittests.dll" id="c816188b-fa84-3952-c897-ce02014e6c54">
      <Execution id="3c9f90c4-6422-4630-9388-11c307d49bde" />
      <TestMethod codeBase="D:\a\1\s\CBA.Training.Talmate.Api.UnitTests\bin\release\netcoreapp3.1\CBA.Training.Talmate.Api.UnitTests.dll" adapterTypeName="executor://nunit3testexecutor/" className="CBA.Training.Talmate.Api.UnitTests.DemandControllerTests" name="Get_CreatedDemand_ReturnsListOfDemandResource" />
    </UnitTest>
    <UnitTest name="Gell_UserIsExit_ReturnsMatchedUser" storage="d:\a\1\s\cba.training.talmate.api.unittests\bin\release\netcoreapp3.1\cba.training.talmate.api.unittests.dll" id="cd76851b-bc96-12ef-192e-afd9aa28b9ad">
      <Execution id="b14c922c-ed63-466f-9949-a070b100b40f" />
      <TestMethod codeBase="D:\a\1\s\CBA.Training.Talmate.Api.UnitTests\bin\release\netcoreapp3.1\CBA.Training.Talmate.Api.UnitTests.dll" adapterTypeName="executor://nunit3testexecutor/" className="CBA.Training.Talmate.Api.UnitTests.UsersControllerTests" name="Gell_UserIsExit_ReturnsMatchedUser" />
    </UnitTest>
    <UnitTest name="Authenticate_UserCredentialsIsCorrect_ReturnsToken" storage="d:\a\1\s\cba.training.talmate.api.unittests\bin\release\netcoreapp3.1\cba.training.talmate.api.unittests.dll" id="0453c6b4-db0f-8580-e125-e0335ff2d727">
      <Execution id="338190ed-f8e5-47ab-bca0-576bb9fdfa9b" />
      <TestMethod codeBase="D:\a\1\s\CBA.Training.Talmate.Api.UnitTests\bin\release\netcoreapp3.1\CBA.Training.Talmate.Api.UnitTests.dll" adapterTypeName="executor://nunit3testexecutor/" className="CBA.Training.Talmate.Api.UnitTests.UsersControllerTests" name="Authenticate_UserCredentialsIsCorrect_ReturnsToken" />
    </UnitTest>
    <UnitTest name="Post_IsDemandNull_ReturnsFalse" storage="d:\a\1\s\cba.training.talmate.api.unittests\bin\release\netcoreapp3.1\cba.training.talmate.api.unittests.dll" id="8996a04c-0494-72f5-95a9-d1471f3c1aad">
      <Execution id="6b2bd49d-5dc0-47ba-bcd7-70cd5b7c943e" />
      <TestMethod codeBase="D:\a\1\s\CBA.Training.Talmate.Api.UnitTests\bin\release\netcoreapp3.1\CBA.Training.Talmate.Api.UnitTests.dll" adapterTypeName="executor://nunit3testexecutor/" className="CBA.Training.Talmate.Api.UnitTests.DemandControllerTests" name="Post_IsDemandNull_ReturnsFalse" />
    </UnitTest>
  </TestDefinitions>
  <TestEntries>
    <TestEntry testId="8996a04c-0494-72f5-95a9-d1471f3c1aad" executionId="6b2bd49d-5dc0-47ba-bcd7-70cd5b7c943e" testListId="8c84fa94-04c1-424b-9868-57a2d4851a1d" />
    <TestEntry testId="429d5ad6-e6c0-8324-f7c0-67b3a26f2239" executionId="9e7d95fc-78f6-48e2-8aad-1d9b8a7e3945" testListId="8c84fa94-04c1-424b-9868-57a2d4851a1d" />
    <TestEntry testId="ca70015c-e977-52e4-63be-c5e0fa930b16" executionId="85181590-8c7d-4e8d-9d2b-d7b2a93ce4b3" testListId="8c84fa94-04c1-424b-9868-57a2d4851a1d" />
    <TestEntry testId="c816188b-fa84-3952-c897-ce02014e6c54" executionId="3c9f90c4-6422-4630-9388-11c307d49bde" testListId="8c84fa94-04c1-424b-9868-57a2d4851a1d" />
    <TestEntry testId="8d361ed8-69ac-acb0-4a58-48e8ba0f865b" executionId="8e848d29-f34f-4b15-9618-90b107676199" testListId="8c84fa94-04c1-424b-9868-57a2d4851a1d" />
    <TestEntry testId="0453c6b4-db0f-8580-e125-e0335ff2d727" executionId="338190ed-f8e5-47ab-bca0-576bb9fdfa9b" testListId="8c84fa94-04c1-424b-9868-57a2d4851a1d" />
    <TestEntry testId="cd76851b-bc96-12ef-192e-afd9aa28b9ad" executionId="b14c922c-ed63-466f-9949-a070b100b40f" testListId="8c84fa94-04c1-424b-9868-57a2d4851a1d" />
  </TestEntries>
  <TestLists>
    <TestList name="Results Not in a List" id="8c84fa94-04c1-424b-9868-57a2d4851a1d" />
    <TestList name="All Loaded Results" id="19431567-8539-422a-85d7-44ee4e166bda" />
  </TestLists>
  <ResultSummary outcome="Completed">
    <Counters total="7" executed="7" passed="7" failed="0" error="0" timeout="0" aborted="0" inconclusive="0" passedButRunAborted="0" notRunnable="0" notExecuted="0" disconnected="0" warning="0" completed="0" inProgress="0" pending="0" />
    <Output>
      <StdOut>NUnit Adapter 3.15.1.0: Test execution started&#xD;
Running all tests in D:\a\1\s\CBA.Training.Talmate.Api.UnitTests\bin\release\netcoreapp3.1\CBA.Training.Talmate.Api.UnitTests.dll&#xD;
   NUnit3TestExecutor converted 7 of 7 NUnit test cases&#xD;
NUnit Adapter 3.15.1.0: Test execution complete&#xD;
</StdOut>
    </Output>
  </ResultSummary>
</TestRun>