<?xml version="1.0" encoding="utf-8"?>
<TestRun id="6fa2bba0-a5f2-49de-9832-fac7d957c5bf" name="VssAdministrator@fv-az45 2020-06-28 12:44:32" runUser="fv-az45\VssAdministrator" xmlns="http://microsoft.com/schemas/VisualStudio/TeamTest/2010">
  <Times creation="2020-06-28T12:44:32.6639751+00:00" queuing="2020-06-28T12:44:32.6639753+00:00" start="2020-06-28T12:44:30.2690139+00:00" finish="2020-06-28T12:44:32.7083876+00:00" />
  <TestSettings name="default" id="d943c712-a019-4df0-95f5-57f38304bd7a">
    <Deployment runDeploymentRoot="VssAdministrator_fv-az45_2020-06-28_12_44_32" />
  </TestSettings>
  <Results>
    <UnitTestResult executionId="d980ff28-24a5-4c80-9723-519b77d33c50" testId="cd76851b-bc96-12ef-192e-afd9aa28b9ad" testName="Gell_UserIsExit_ReturnsMatchedUser" computerName="fv-az45" duration="00:00:00.0018060" startTime="2020-06-28T12:44:32.0000000+00:00" endTime="2020-06-28T12:44:32.0000000+00:00" testType="13cdc9d9-ddb5-4fa4-a97d-d965ccfc6d4b" outcome="Passed" testListId="8c84fa94-04c1-424b-9868-57a2d4851a1d" relativeResultsDirectory="d980ff28-24a5-4c80-9723-519b77d33c50" />
    <UnitTestResult executionId="d7f18b98-608d-4a65-8c69-cff50cc7e5f2" testId="ca70015c-e977-52e4-63be-c5e0fa930b16" testName="Post_IsDemandCreated_ReturnsTrue" computerName="fv-az45" duration="00:00:00.0698350" startTime="2020-06-28T12:44:32.0000000+00:00" endTime="2020-06-28T12:44:32.0000000+00:00" testType="13cdc9d9-ddb5-4fa4-a97d-d965ccfc6d4b" outcome="Passed" testListId="8c84fa94-04c1-424b-9868-57a2d4851a1d" relativeResultsDirectory="d7f18b98-608d-4a65-8c69-cff50cc7e5f2" />
    <UnitTestResult executionId="e1b04d8f-25c6-40ae-8c1f-eeac9f767ec7" testId="0453c6b4-db0f-8580-e125-e0335ff2d727" testName="Authenticate_UserCredentialsIsCorrect_ReturnsToken" computerName="fv-az45" duration="00:00:00.0126320" startTime="2020-06-28T12:44:32.0000000+00:00" endTime="2020-06-28T12:44:32.0000000+00:00" testType="13cdc9d9-ddb5-4fa4-a97d-d965ccfc6d4b" outcome="Passed" testListId="8c84fa94-04c1-424b-9868-57a2d4851a1d" relativeResultsDirectory="e1b04d8f-25c6-40ae-8c1f-eeac9f767ec7" />
    <UnitTestResult executionId="10324d22-dcb8-4508-8521-f6c39601f85e" testId="429d5ad6-e6c0-8324-f7c0-67b3a26f2239" testName="Post_UserCredentialsIsNull_ReturnsBadRequest" computerName="fv-az45" duration="00:00:00.0014380" startTime="2020-06-28T12:44:32.0000000+00:00" endTime="2020-06-28T12:44:32.0000000+00:00" testType="13cdc9d9-ddb5-4fa4-a97d-d965ccfc6d4b" outcome="Passed" testListId="8c84fa94-04c1-424b-9868-57a2d4851a1d" relativeResultsDirectory="10324d22-dcb8-4508-8521-f6c39601f85e" />
    <UnitTestResult executionId="f1fd3382-c55e-456f-88e4-ad844cffc4f1" testId="8996a04c-0494-72f5-95a9-d1471f3c1aad" testName="Post_IsDemandNull_ReturnsFalse" computerName="fv-az45" duration="00:00:00.0042290" startTime="2020-06-28T12:44:32.0000000+00:00" endTime="2020-06-28T12:44:32.0000000+00:00" testType="13cdc9d9-ddb5-4fa4-a97d-d965ccfc6d4b" outcome="Passed" testListId="8c84fa94-04c1-424b-9868-57a2d4851a1d" relativeResultsDirectory="f1fd3382-c55e-456f-88e4-ad844cffc4f1" />
    <UnitTestResult executionId="842edfa1-33f5-4618-ae33-c89aadf2db2e" testId="8d361ed8-69ac-acb0-4a58-48e8ba0f865b" testName="GellAll_UserIsExist_ReturnsUserList" computerName="fv-az45" duration="00:00:00.0018860" startTime="2020-06-28T12:44:32.0000000+00:00" endTime="2020-06-28T12:44:32.0000000+00:00" testType="13cdc9d9-ddb5-4fa4-a97d-d965ccfc6d4b" outcome="Passed" testListId="8c84fa94-04c1-424b-9868-57a2d4851a1d" relativeResultsDirectory="842edfa1-33f5-4618-ae33-c89aadf2db2e" />
    <UnitTestResult executionId="05432968-6e4e-47c4-b5a4-cade25a32455" testId="c816188b-fa84-3952-c897-ce02014e6c54" testName="Get_CreatedDemand_ReturnsListOfDemandResource" computerName="fv-az45" duration="00:00:00.9800280" startTime="2020-06-28T12:44:31.0000000+00:00" endTime="2020-06-28T12:44:32.0000000+00:00" testType="13cdc9d9-ddb5-4fa4-a97d-d965ccfc6d4b" outcome="Passed" testListId="8c84fa94-04c1-424b-9868-57a2d4851a1d" relativeResultsDirectory="05432968-6e4e-47c4-b5a4-cade25a32455" />
  </Results>
  <TestDefinitions>
    <UnitTest name="Post_UserCredentialsIsNull_ReturnsBadRequest" storage="d:\a\1\s\cba.training.talmate.api.unittests\bin\release\netcoreapp3.1\cba.training.talmate.api.unittests.dll" id="429d5ad6-e6c0-8324-f7c0-67b3a26f2239">
      <Execution id="10324d22-dcb8-4508-8521-f6c39601f85e" />
      <TestMethod codeBase="D:\a\1\s\CBA.Training.Talmate.Api.UnitTests\bin\Release\netcoreapp3.1\CBA.Training.Talmate.Api.UnitTests.dll" adapterTypeName="executor://nunit3testexecutor/" className="CBA.Training.Talmate.Api.UnitTests.UsersControllerTests" name="Post_UserCredentialsIsNull_ReturnsBadRequest" />
    </UnitTest>
    <UnitTest name="Post_IsDemandCreated_ReturnsTrue" storage="d:\a\1\s\cba.training.talmate.api.unittests\bin\release\netcoreapp3.1\cba.training.talmate.api.unittests.dll" id="ca70015c-e977-52e4-63be-c5e0fa930b16">
      <Execution id="d7f18b98-608d-4a65-8c69-cff50cc7e5f2" />
      <TestMethod codeBase="D:\a\1\s\CBA.Training.Talmate.Api.UnitTests\bin\Release\netcoreapp3.1\CBA.Training.Talmate.Api.UnitTests.dll" adapterTypeName="executor://nunit3testexecutor/" className="CBA.Training.Talmate.Api.UnitTests.DemandControllerTests" name="Post_IsDemandCreated_ReturnsTrue" />
    </UnitTest>
    <UnitTest name="GellAll_UserIsExist_ReturnsUserList" storage="d:\a\1\s\cba.training.talmate.api.unittests\bin\release\netcoreapp3.1\cba.training.talmate.api.unittests.dll" id="8d361ed8-69ac-acb0-4a58-48e8ba0f865b">
      <Execution id="842edfa1-33f5-4618-ae33-c89aadf2db2e" />
      <TestMethod codeBase="D:\a\1\s\CBA.Training.Talmate.Api.UnitTests\bin\Release\netcoreapp3.1\CBA.Training.Talmate.Api.UnitTests.dll" adapterTypeName="executor://nunit3testexecutor/" className="CBA.Training.Talmate.Api.UnitTests.UsersControllerTests" name="GellAll_UserIsExist_ReturnsUserList" />
    </UnitTest>
    <UnitTest name="Get_CreatedDemand_ReturnsListOfDemandResource" storage="d:\a\1\s\cba.training.talmate.api.unittests\bin\release\netcoreapp3.1\cba.training.talmate.api.unittests.dll" id="c816188b-fa84-3952-c897-ce02014e6c54">
      <Execution id="05432968-6e4e-47c4-b5a4-cade25a32455" />
      <TestMethod codeBase="D:\a\1\s\CBA.Training.Talmate.Api.UnitTests\bin\Release\netcoreapp3.1\CBA.Training.Talmate.Api.UnitTests.dll" adapterTypeName="executor://nunit3testexecutor/" className="CBA.Training.Talmate.Api.UnitTests.DemandControllerTests" name="Get_CreatedDemand_ReturnsListOfDemandResource" />
    </UnitTest>
    <UnitTest name="Gell_UserIsExit_ReturnsMatchedUser" storage="d:\a\1\s\cba.training.talmate.api.unittests\bin\release\netcoreapp3.1\cba.training.talmate.api.unittests.dll" id="cd76851b-bc96-12ef-192e-afd9aa28b9ad">
      <Execution id="d980ff28-24a5-4c80-9723-519b77d33c50" />
      <TestMethod codeBase="D:\a\1\s\CBA.Training.Talmate.Api.UnitTests\bin\Release\netcoreapp3.1\CBA.Training.Talmate.Api.UnitTests.dll" adapterTypeName="executor://nunit3testexecutor/" className="CBA.Training.Talmate.Api.UnitTests.UsersControllerTests" name="Gell_UserIsExit_ReturnsMatchedUser" />
    </UnitTest>
    <UnitTest name="Authenticate_UserCredentialsIsCorrect_ReturnsToken" storage="d:\a\1\s\cba.training.talmate.api.unittests\bin\release\netcoreapp3.1\cba.training.talmate.api.unittests.dll" id="0453c6b4-db0f-8580-e125-e0335ff2d727">
      <Execution id="e1b04d8f-25c6-40ae-8c1f-eeac9f767ec7" />
      <TestMethod codeBase="D:\a\1\s\CBA.Training.Talmate.Api.UnitTests\bin\Release\netcoreapp3.1\CBA.Training.Talmate.Api.UnitTests.dll" adapterTypeName="executor://nunit3testexecutor/" className="CBA.Training.Talmate.Api.UnitTests.UsersControllerTests" name="Authenticate_UserCredentialsIsCorrect_ReturnsToken" />
    </UnitTest>
    <UnitTest name="Post_IsDemandNull_ReturnsFalse" storage="d:\a\1\s\cba.training.talmate.api.unittests\bin\release\netcoreapp3.1\cba.training.talmate.api.unittests.dll" id="8996a04c-0494-72f5-95a9-d1471f3c1aad">
      <Execution id="f1fd3382-c55e-456f-88e4-ad844cffc4f1" />
      <TestMethod codeBase="D:\a\1\s\CBA.Training.Talmate.Api.UnitTests\bin\Release\netcoreapp3.1\CBA.Training.Talmate.Api.UnitTests.dll" adapterTypeName="executor://nunit3testexecutor/" className="CBA.Training.Talmate.Api.UnitTests.DemandControllerTests" name="Post_IsDemandNull_ReturnsFalse" />
    </UnitTest>
  </TestDefinitions>
  <TestEntries>
    <TestEntry testId="cd76851b-bc96-12ef-192e-afd9aa28b9ad" executionId="d980ff28-24a5-4c80-9723-519b77d33c50" testListId="8c84fa94-04c1-424b-9868-57a2d4851a1d" />
    <TestEntry testId="ca70015c-e977-52e4-63be-c5e0fa930b16" executionId="d7f18b98-608d-4a65-8c69-cff50cc7e5f2" testListId="8c84fa94-04c1-424b-9868-57a2d4851a1d" />
    <TestEntry testId="0453c6b4-db0f-8580-e125-e0335ff2d727" executionId="e1b04d8f-25c6-40ae-8c1f-eeac9f767ec7" testListId="8c84fa94-04c1-424b-9868-57a2d4851a1d" />
    <TestEntry testId="429d5ad6-e6c0-8324-f7c0-67b3a26f2239" executionId="10324d22-dcb8-4508-8521-f6c39601f85e" testListId="8c84fa94-04c1-424b-9868-57a2d4851a1d" />
    <TestEntry testId="8996a04c-0494-72f5-95a9-d1471f3c1aad" executionId="f1fd3382-c55e-456f-88e4-ad844cffc4f1" testListId="8c84fa94-04c1-424b-9868-57a2d4851a1d" />
    <TestEntry testId="8d361ed8-69ac-acb0-4a58-48e8ba0f865b" executionId="842edfa1-33f5-4618-ae33-c89aadf2db2e" testListId="8c84fa94-04c1-424b-9868-57a2d4851a1d" />
    <TestEntry testId="c816188b-fa84-3952-c897-ce02014e6c54" executionId="05432968-6e4e-47c4-b5a4-cade25a32455" testListId="8c84fa94-04c1-424b-9868-57a2d4851a1d" />
  </TestEntries>
  <TestLists>
    <TestList name="Results Not in a List" id="8c84fa94-04c1-424b-9868-57a2d4851a1d" />
    <TestList name="All Loaded Results" id="19431567-8539-422a-85d7-44ee4e166bda" />
  </TestLists>
  <ResultSummary outcome="Completed">
    <Counters total="7" executed="7" passed="7" failed="0" error="0" timeout="0" aborted="0" inconclusive="0" passedButRunAborted="0" notRunnable="0" notExecuted="0" disconnected="0" warning="0" completed="0" inProgress="0" pending="0" />
    <Output>
      <StdOut>NUnit Adapter 3.15.1.0: Test execution started&#xD;
Running all tests in D:\a\1\s\CBA.Training.Talmate.Api.UnitTests\bin\Release\netcoreapp3.1\CBA.Training.Talmate.Api.UnitTests.dll&#xD;
   NUnit3TestExecutor converted 7 of 7 NUnit test cases&#xD;
NUnit Adapter 3.15.1.0: Test execution complete&#xD;
</StdOut>
    </Output>
  </ResultSummary>
</TestRun>