<?xml version="1.0" encoding="utf-8"?>
<TestRun id="01ce07cd-c12c-4d8b-ab5e-a66311d059b3" name="VssAdministrator@fv-az45 2020-06-28 14:04:51" runUser="fv-az45\VssAdministrator" xmlns="http://microsoft.com/schemas/VisualStudio/TeamTest/2010">
  <Times creation="2020-06-28T14:04:51.6248120+00:00" queuing="2020-06-28T14:04:51.6248122+00:00" start="2020-06-28T14:04:49.1506890+00:00" finish="2020-06-28T14:04:51.6651743+00:00" />
  <TestSettings name="default" id="c6c65ad8-122b-43df-91c0-619135f1e9c3">
    <Deployment runDeploymentRoot="VssAdministrator_fv-az45_2020-06-28_14_04_51" />
  </TestSettings>
  <Results>
    <UnitTestResult executionId="5b07c6a5-13d1-41b6-b91d-92eab4d907e8" testId="ca70015c-e977-52e4-63be-c5e0fa930b16" testName="Post_IsDemandCreated_ReturnsTrue" computerName="fv-az45" duration="00:00:00.1019290" startTime="2020-06-28T14:04:51.0000000+00:00" endTime="2020-06-28T14:04:51.0000000+00:00" testType="13cdc9d9-ddb5-4fa4-a97d-d965ccfc6d4b" outcome="Passed" testListId="8c84fa94-04c1-424b-9868-57a2d4851a1d" relativeResultsDirectory="5b07c6a5-13d1-41b6-b91d-92eab4d907e8" />
    <UnitTestResult executionId="ad0f6df9-0225-4faf-8f2f-0b8b593149c0" testId="429d5ad6-e6c0-8324-f7c0-67b3a26f2239" testName="Post_UserCredentialsIsNull_ReturnsBadRequest" computerName="fv-az45" duration="00:00:00.0015140" startTime="2020-06-28T14:04:51.0000000+00:00" endTime="2020-06-28T14:04:51.0000000+00:00" testType="13cdc9d9-ddb5-4fa4-a97d-d965ccfc6d4b" outcome="Passed" testListId="8c84fa94-04c1-424b-9868-57a2d4851a1d" relativeResultsDirectory="ad0f6df9-0225-4faf-8f2f-0b8b593149c0" />
    <UnitTestResult executionId="007074e0-e37c-4dd0-9014-2661a4b4fe12" testId="8d361ed8-69ac-acb0-4a58-48e8ba0f865b" testName="GellAll_UserIsExist_ReturnsUserList" computerName="fv-az45" duration="00:00:00.0019480" startTime="2020-06-28T14:04:51.0000000+00:00" endTime="2020-06-28T14:04:51.0000000+00:00" testType="13cdc9d9-ddb5-4fa4-a97d-d965ccfc6d4b" outcome="Passed" testListId="8c84fa94-04c1-424b-9868-57a2d4851a1d" relativeResultsDirectory="007074e0-e37c-4dd0-9014-2661a4b4fe12" />
    <UnitTestResult executionId="75cfaf7b-2cfd-48b3-8139-5d19254b07ce" testId="8996a04c-0494-72f5-95a9-d1471f3c1aad" testName="Post_IsDemandNull_ReturnsFalse" computerName="fv-az45" duration="00:00:00.0042180" startTime="2020-06-28T14:04:51.0000000+00:00" endTime="2020-06-28T14:04:51.0000000+00:00" testType="13cdc9d9-ddb5-4fa4-a97d-d965ccfc6d4b" outcome="Passed" testListId="8c84fa94-04c1-424b-9868-57a2d4851a1d" relativeResultsDirectory="75cfaf7b-2cfd-48b3-8139-5d19254b07ce" />
    <UnitTestResult executionId="466b9b48-cc77-422b-948b-dfab862940f7" testId="cd76851b-bc96-12ef-192e-afd9aa28b9ad" testName="Gell_UserIsExit_ReturnsMatchedUser" computerName="fv-az45" duration="00:00:00.0019800" startTime="2020-06-28T14:04:51.0000000+00:00" endTime="2020-06-28T14:04:51.0000000+00:00" testType="13cdc9d9-ddb5-4fa4-a97d-d965ccfc6d4b" outcome="Passed" testListId="8c84fa94-04c1-424b-9868-57a2d4851a1d" relativeResultsDirectory="466b9b48-cc77-422b-948b-dfab862940f7" />
    <UnitTestResult executionId="03d5acf2-a4ca-43d3-a535-50267de8993d" testId="c816188b-fa84-3952-c897-ce02014e6c54" testName="Get_CreatedDemand_ReturnsListOfDemandResource" computerName="fv-az45" duration="00:00:00.9304980" startTime="2020-06-28T14:04:50.0000000+00:00" endTime="2020-06-28T14:04:51.0000000+00:00" testType="13cdc9d9-ddb5-4fa4-a97d-d965ccfc6d4b" outcome="Passed" testListId="8c84fa94-04c1-424b-9868-57a2d4851a1d" relativeResultsDirectory="03d5acf2-a4ca-43d3-a535-50267de8993d" />
    <UnitTestResult executionId="acbebf4f-5c62-4a96-8b76-9094d842949d" testId="0453c6b4-db0f-8580-e125-e0335ff2d727" testName="Authenticate_UserCredentialsIsCorrect_ReturnsToken" computerName="fv-az45" duration="00:00:00.0134380" startTime="2020-06-28T14:04:51.0000000+00:00" endTime="2020-06-28T14:04:51.0000000+00:00" testType="13cdc9d9-ddb5-4fa4-a97d-d965ccfc6d4b" outcome="Passed" testListId="8c84fa94-04c1-424b-9868-57a2d4851a1d" relativeResultsDirectory="acbebf4f-5c62-4a96-8b76-9094d842949d" />
  </Results>
  <TestDefinitions>
    <UnitTest name="Post_UserCredentialsIsNull_ReturnsBadRequest" storage="d:\a\1\s\cba.training.talmate.api.unittests\bin\release\netcoreapp3.1\cba.training.talmate.api.unittests.dll" id="429d5ad6-e6c0-8324-f7c0-67b3a26f2239">
      <Execution id="ad0f6df9-0225-4faf-8f2f-0b8b593149c0" />
      <TestMethod codeBase="D:\a\1\s\CBA.Training.Talmate.Api.UnitTests\bin\Release\netcoreapp3.1\CBA.Training.Talmate.Api.UnitTests.dll" adapterTypeName="executor://nunit3testexecutor/" className="CBA.Training.Talmate.Api.UnitTests.UsersControllerTests" name="Post_UserCredentialsIsNull_ReturnsBadRequest" />
    </UnitTest>
    <UnitTest name="Post_IsDemandCreated_ReturnsTrue" storage="d:\a\1\s\cba.training.talmate.api.unittests\bin\release\netcoreapp3.1\cba.training.talmate.api.unittests.dll" id="ca70015c-e977-52e4-63be-c5e0fa930b16">
      <Execution id="5b07c6a5-13d1-41b6-b91d-92eab4d907e8" />
      <TestMethod codeBase="D:\a\1\s\CBA.Training.Talmate.Api.UnitTests\bin\Release\netcoreapp3.1\CBA.Training.Talmate.Api.UnitTests.dll" adapterTypeName="executor://nunit3testexecutor/" className="CBA.Training.Talmate.Api.UnitTests.DemandControllerTests" name="Post_IsDemandCreated_ReturnsTrue" />
    </UnitTest>
    <UnitTest name="GellAll_UserIsExist_ReturnsUserList" storage="d:\a\1\s\cba.training.talmate.api.unittests\bin\release\netcoreapp3.1\cba.training.talmate.api.unittests.dll" id="8d361ed8-69ac-acb0-4a58-48e8ba0f865b">
      <Execution id="007074e0-e37c-4dd0-9014-2661a4b4fe12" />
      <TestMethod codeBase="D:\a\1\s\CBA.Training.Talmate.Api.UnitTests\bin\Release\netcoreapp3.1\CBA.Training.Talmate.Api.UnitTests.dll" adapterTypeName="executor://nunit3testexecutor/" className="CBA.Training.Talmate.Api.UnitTests.UsersControllerTests" name="GellAll_UserIsExist_ReturnsUserList" />
    </UnitTest>
    <UnitTest name="Get_CreatedDemand_ReturnsListOfDemandResource" storage="d:\a\1\s\cba.training.talmate.api.unittests\bin\release\netcoreapp3.1\cba.training.talmate.api.unittests.dll" id="c816188b-fa84-3952-c897-ce02014e6c54">
      <Execution id="03d5acf2-a4ca-43d3-a535-50267de8993d" />
      <TestMethod codeBase="D:\a\1\s\CBA.Training.Talmate.Api.UnitTests\bin\Release\netcoreapp3.1\CBA.Training.Talmate.Api.UnitTests.dll" adapterTypeName="executor://nunit3testexecutor/" className="CBA.Training.Talmate.Api.UnitTests.DemandControllerTests" name="Get_CreatedDemand_ReturnsListOfDemandResource" />
    </UnitTest>
    <UnitTest name="Gell_UserIsExit_ReturnsMatchedUser" storage="d:\a\1\s\cba.training.talmate.api.unittests\bin\release\netcoreapp3.1\cba.training.talmate.api.unittests.dll" id="cd76851b-bc96-12ef-192e-afd9aa28b9ad">
      <Execution id="466b9b48-cc77-422b-948b-dfab862940f7" />
      <TestMethod codeBase="D:\a\1\s\CBA.Training.Talmate.Api.UnitTests\bin\Release\netcoreapp3.1\CBA.Training.Talmate.Api.UnitTests.dll" adapterTypeName="executor://nunit3testexecutor/" className="CBA.Training.Talmate.Api.UnitTests.UsersControllerTests" name="Gell_UserIsExit_ReturnsMatchedUser" />
    </UnitTest>
    <UnitTest name="Authenticate_UserCredentialsIsCorrect_ReturnsToken" storage="d:\a\1\s\cba.training.talmate.api.unittests\bin\release\netcoreapp3.1\cba.training.talmate.api.unittests.dll" id="0453c6b4-db0f-8580-e125-e0335ff2d727">
      <Execution id="acbebf4f-5c62-4a96-8b76-9094d842949d" />
      <TestMethod codeBase="D:\a\1\s\CBA.Training.Talmate.Api.UnitTests\bin\Release\netcoreapp3.1\CBA.Training.Talmate.Api.UnitTests.dll" adapterTypeName="executor://nunit3testexecutor/" className="CBA.Training.Talmate.Api.UnitTests.UsersControllerTests" name="Authenticate_UserCredentialsIsCorrect_ReturnsToken" />
    </UnitTest>
    <UnitTest name="Post_IsDemandNull_ReturnsFalse" storage="d:\a\1\s\cba.training.talmate.api.unittests\bin\release\netcoreapp3.1\cba.training.talmate.api.unittests.dll" id="8996a04c-0494-72f5-95a9-d1471f3c1aad">
      <Execution id="75cfaf7b-2cfd-48b3-8139-5d19254b07ce" />
      <TestMethod codeBase="D:\a\1\s\CBA.Training.Talmate.Api.UnitTests\bin\Release\netcoreapp3.1\CBA.Training.Talmate.Api.UnitTests.dll" adapterTypeName="executor://nunit3testexecutor/" className="CBA.Training.Talmate.Api.UnitTests.DemandControllerTests" name="Post_IsDemandNull_ReturnsFalse" />
    </UnitTest>
  </TestDefinitions>
  <TestEntries>
    <TestEntry testId="ca70015c-e977-52e4-63be-c5e0fa930b16" executionId="5b07c6a5-13d1-41b6-b91d-92eab4d907e8" testListId="8c84fa94-04c1-424b-9868-57a2d4851a1d" />
    <TestEntry testId="429d5ad6-e6c0-8324-f7c0-67b3a26f2239" executionId="ad0f6df9-0225-4faf-8f2f-0b8b593149c0" testListId="8c84fa94-04c1-424b-9868-57a2d4851a1d" />
    <TestEntry testId="8d361ed8-69ac-acb0-4a58-48e8ba0f865b" executionId="007074e0-e37c-4dd0-9014-2661a4b4fe12" testListId="8c84fa94-04c1-424b-9868-57a2d4851a1d" />
    <TestEntry testId="8996a04c-0494-72f5-95a9-d1471f3c1aad" executionId="75cfaf7b-2cfd-48b3-8139-5d19254b07ce" testListId="8c84fa94-04c1-424b-9868-57a2d4851a1d" />
    <TestEntry testId="cd76851b-bc96-12ef-192e-afd9aa28b9ad" executionId="466b9b48-cc77-422b-948b-dfab862940f7" testListId="8c84fa94-04c1-424b-9868-57a2d4851a1d" />
    <TestEntry testId="c816188b-fa84-3952-c897-ce02014e6c54" executionId="03d5acf2-a4ca-43d3-a535-50267de8993d" testListId="8c84fa94-04c1-424b-9868-57a2d4851a1d" />
    <TestEntry testId="0453c6b4-db0f-8580-e125-e0335ff2d727" executionId="acbebf4f-5c62-4a96-8b76-9094d842949d" testListId="8c84fa94-04c1-424b-9868-57a2d4851a1d" />
  </TestEntries>
  <TestLists>
    <TestList name="Results Not in a List" id="8c84fa94-04c1-424b-9868-57a2d4851a1d" />
    <TestList name="All Loaded Results" id="19431567-8539-422a-85d7-44ee4e166bda" />
  </TestLists>
  <ResultSummary outcome="Completed">
    <Counters total="7" executed="7" passed="7" failed="0" error="0" timeout="0" aborted="0" inconclusive="0" passedButRunAborted="0" notRunnable="0" notExecuted="0" disconnected="0" warning="0" completed="0" inProgress="0" pending="0" />
    <Output>
      <StdOut>NUnit Adapter 3.15.1.0: Test execution started&#xD;
Running all tests in D:\a\1\s\CBA.Training.Talmate.Api.UnitTests\bin\Release\netcoreapp3.1\CBA.Training.Talmate.Api.UnitTests.dll&#xD;
   NUnit3TestExecutor converted 7 of 7 NUnit test cases&#xD;
NUnit Adapter 3.15.1.0: Test execution complete&#xD;
</StdOut>
    </Output>
  </ResultSummary>
</TestRun>